{"/home/lucian/Software_dev/Projects/URL-Shortener/backend/app.ts": {"path":"/home/lucian/Software_dev/Projects/URL-Shortener/backend/app.ts","statementMap":{"0":{"start":{"line":1,"column":0},"end":{"line":1,"column":30}},"1":{"start":{"line":2,"column":0},"end":{"line":2,"column":44}},"2":{"start":{"line":3,"column":0},"end":{"line":3,"column":24}},"3":{"start":{"line":5,"column":12},"end":{"line":5,"column":21}},"4":{"start":{"line":6,"column":0},"end":{"line":6,"column":24}},"5":{"start":{"line":7,"column":0},"end":{"line":7,"column":16}},"6":{"start":{"line":9,"column":0},"end":{"line":9,"column":28}},"7":{"start":{"line":11,"column":0},"end":{"line":11,"column":19}}},"fnMap":{},"branchMap":{},"s":{"0":1,"1":1,"2":1,"3":1,"4":1,"5":1,"6":1,"7":1},"f":{},"b":{}}
,"/home/lucian/Software_dev/Projects/URL-Shortener/backend/controllers/url.controller.ts": {"path":"/home/lucian/Software_dev/Projects/URL-Shortener/backend/controllers/url.controller.ts","statementMap":{"0":{"start":{"line":1,"column":0},"end":{"line":1,"column":32}},"1":{"start":{"line":9,"column":26},"end":{"line":74,"column":2}},"2":{"start":{"line":12,"column":19},"end":{"line":74,"column":2}},"3":{"start":{"line":13,"column":2},"end":{"line":73,"column":3}},"4":{"start":{"line":14,"column":28},"end":{"line":14,"column":36}},"5":{"start":{"line":17,"column":21},"end":{"line":17,"column":34}},"6":{"start":{"line":19,"column":4},"end":{"line":19,"column":null}},"7":{"start":{"line":21,"column":4},"end":{"line":27,"column":5}},"8":{"start":{"line":22,"column":6},"end":{"line":25,"column":9}},"9":{"start":{"line":26,"column":6},"end":{"line":26,"column":13}},"10":{"start":{"line":30,"column":4},"end":{"line":38,"column":5}},"11":{"start":{"line":31,"column":6},"end":{"line":31,"column":27}},"12":{"start":{"line":33,"column":6},"end":{"line":36,"column":9}},"13":{"start":{"line":37,"column":6},"end":{"line":37,"column":13}},"14":{"start":{"line":39,"column":4},"end":{"line":39,"column":null}},"15":{"start":{"line":41,"column":18},"end":{"line":45,"column":6}},"16":{"start":{"line":47,"column":19},"end":{"line":47,"column":42}},"17":{"start":{"line":48,"column":19},"end":{"line":48,"column":50}},"18":{"start":{"line":50,"column":4},"end":{"line":50,"column":null}},"19":{"start":{"line":52,"column":4},"end":{"line":58,"column":7}},"20":{"start":{"line":60,"column":4},"end":{"line":60,"column":54}},"21":{"start":{"line":63,"column":20},"end":{"line":63,"column":36}},"22":{"start":{"line":64,"column":4},"end":{"line":70,"column":5}},"23":{"start":{"line":65,"column":6},"end":{"line":68,"column":9}},"24":{"start":{"line":69,"column":6},"end":{"line":69,"column":13}},"25":{"start":{"line":72,"column":4},"end":{"line":72,"column":70}},"26":{"start":{"line":9,"column":13},"end":{"line":9,"column":26}},"27":{"start":{"line":76,"column":30},"end":{"line":111,"column":2}},"28":{"start":{"line":79,"column":19},"end":{"line":111,"column":2}},"29":{"start":{"line":80,"column":2},"end":{"line":110,"column":3}},"30":{"start":{"line":81,"column":21},"end":{"line":81,"column":40}},"31":{"start":{"line":83,"column":4},"end":{"line":89,"column":5}},"32":{"start":{"line":84,"column":6},"end":{"line":87,"column":9}},"33":{"start":{"line":88,"column":6},"end":{"line":88,"column":13}},"34":{"start":{"line":90,"column":18},"end":{"line":93,"column":8}},"35":{"start":{"line":94,"column":19},"end":{"line":94,"column":29}},"36":{"start":{"line":95,"column":19},"end":{"line":95,"column":50}},"37":{"start":{"line":97,"column":4},"end":{"line":103,"column":5}},"38":{"start":{"line":98,"column":6},"end":{"line":101,"column":9}},"39":{"start":{"line":102,"column":6},"end":{"line":102,"column":13}},"40":{"start":{"line":106,"column":4},"end":{"line":106,"column":46}},"41":{"start":{"line":108,"column":4},"end":{"line":108,"column":50}},"42":{"start":{"line":109,"column":4},"end":{"line":109,"column":70}},"43":{"start":{"line":76,"column":13},"end":{"line":76,"column":30}},"44":{"start":{"line":113,"column":27},"end":{"line":125,"column":1}},"45":{"start":{"line":115,"column":4},"end":{"line":115,"column":68}},"46":{"start":{"line":116,"column":17},"end":{"line":116,"column":18}},"47":{"start":{"line":117,"column":17},"end":{"line":117,"column":19}},"48":{"start":{"line":119,"column":2},"end":{"line":122,"column":3}},"49":{"start":{"line":119,"column":15},"end":{"line":119,"column":16}},"50":{"start":{"line":120,"column":24},"end":{"line":120,"column":66}},"51":{"start":{"line":121,"column":4},"end":{"line":121,"column":37}},"52":{"start":{"line":124,"column":2},"end":{"line":124,"column":18}},"53":{"start":{"line":113,"column":13},"end":{"line":113,"column":27}}},"fnMap":{"0":{"name":"(anonymous_8)","decl":{"start":{"line":9,"column":26},"end":{"line":9,"column":null}},"loc":{"start":{"line":12,"column":19},"end":{"line":74,"column":2}}},"1":{"name":"(anonymous_9)","decl":{"start":{"line":12,"column":19},"end":{"line":12,"column":null}},"loc":{"start":{"line":12,"column":19},"end":{"line":74,"column":1}}},"2":{"name":"(anonymous_10)","decl":{"start":{"line":76,"column":30},"end":{"line":76,"column":null}},"loc":{"start":{"line":79,"column":19},"end":{"line":111,"column":2}}},"3":{"name":"(anonymous_11)","decl":{"start":{"line":79,"column":19},"end":{"line":79,"column":null}},"loc":{"start":{"line":79,"column":19},"end":{"line":111,"column":1}}},"4":{"name":"(anonymous_12)","decl":{"start":{"line":113,"column":27},"end":{"line":113,"column":38}},"loc":{"start":{"line":113,"column":40},"end":{"line":125,"column":1}}}},"branchMap":{"0":{"loc":{"start":{"line":21,"column":4},"end":{"line":27,"column":5}},"type":"if","locations":[{"start":{"line":21,"column":4},"end":{"line":27,"column":5}}]},"1":{"loc":{"start":{"line":21,"column":8},"end":{"line":21,"column":33}},"type":"binary-expr","locations":[{"start":{"line":21,"column":8},"end":{"line":21,"column":20}},{"start":{"line":21,"column":24},"end":{"line":21,"column":33}}]},"2":{"loc":{"start":{"line":64,"column":4},"end":{"line":70,"column":5}},"type":"if","locations":[{"start":{"line":64,"column":4},"end":{"line":70,"column":5}}]},"3":{"loc":{"start":{"line":83,"column":4},"end":{"line":89,"column":5}},"type":"if","locations":[{"start":{"line":83,"column":4},"end":{"line":89,"column":5}}]},"4":{"loc":{"start":{"line":97,"column":4},"end":{"line":103,"column":5}},"type":"if","locations":[{"start":{"line":97,"column":4},"end":{"line":103,"column":5}}]}},"s":{"0":1,"1":1,"2":5,"3":5,"4":5,"5":5,"6":5,"7":5,"8":1,"9":1,"10":4,"11":4,"12":1,"13":1,"14":3,"15":3,"16":3,"17":3,"18":1,"19":1,"20":2,"21":2,"22":2,"23":1,"24":1,"25":1,"26":1,"27":1,"28":3,"29":3,"30":3,"31":3,"32":0,"33":0,"34":3,"35":3,"36":3,"37":2,"38":1,"39":1,"40":1,"41":1,"42":1,"43":1,"44":1,"45":5,"46":5,"47":5,"48":5,"49":5,"50":35,"51":35,"52":5,"53":1},"f":{"0":5,"1":5,"2":3,"3":3,"4":5},"b":{"0":[1],"1":[5,4],"2":[1],"3":[0],"4":[1]}}
,"/home/lucian/Software_dev/Projects/URL-Shortener/backend/routes/url.routes.ts": {"path":"/home/lucian/Software_dev/Projects/URL-Shortener/backend/routes/url.routes.ts","statementMap":{"0":{"start":{"line":1,"column":0},"end":{"line":1,"column":30}},"1":{"start":{"line":2,"column":0},"end":{"line":2,"column":75}},"2":{"start":{"line":5,"column":18},"end":{"line":5,"column":34}},"3":{"start":{"line":8,"column":0},"end":{"line":8,"column":39}},"4":{"start":{"line":9,"column":0},"end":{"line":9,"column":44}},"5":{"start":{"line":11,"column":0},"end":{"line":11,"column":25}}},"fnMap":{},"branchMap":{},"s":{"0":1,"1":1,"2":1,"3":1,"4":1,"5":1},"f":{},"b":{}}
}
