{"/home/lucian/Software_dev/Projects/URL-Shortener/backend/app.ts": {"path":"/home/lucian/Software_dev/Projects/URL-Shortener/backend/app.ts","statementMap":{"0":{"start":{"line":1,"column":0},"end":{"line":1,"column":30}},"1":{"start":{"line":2,"column":0},"end":{"line":2,"column":44}},"2":{"start":{"line":4,"column":12},"end":{"line":4,"column":21}},"3":{"start":{"line":5,"column":0},"end":{"line":5,"column":24}},"4":{"start":{"line":7,"column":0},"end":{"line":7,"column":28}},"5":{"start":{"line":9,"column":0},"end":{"line":9,"column":null}}},"fnMap":{},"branchMap":{},"s":{"0":1,"1":1,"2":1,"3":1,"4":1,"5":1},"f":{},"b":{}}
,"/home/lucian/Software_dev/Projects/URL-Shortener/backend/controllers/url.controller.ts": {"path":"/home/lucian/Software_dev/Projects/URL-Shortener/backend/controllers/url.controller.ts","statementMap":{"0":{"start":{"line":1,"column":0},"end":{"line":1,"column":32}},"1":{"start":{"line":9,"column":26},"end":{"line":68,"column":2}},"2":{"start":{"line":12,"column":19},"end":{"line":68,"column":2}},"3":{"start":{"line":13,"column":2},"end":{"line":67,"column":3}},"4":{"start":{"line":14,"column":28},"end":{"line":14,"column":36}},"5":{"start":{"line":17,"column":21},"end":{"line":17,"column":34}},"6":{"start":{"line":19,"column":4},"end":{"line":25,"column":5}},"7":{"start":{"line":20,"column":6},"end":{"line":23,"column":9}},"8":{"start":{"line":24,"column":6},"end":{"line":24,"column":13}},"9":{"start":{"line":28,"column":4},"end":{"line":36,"column":5}},"10":{"start":{"line":29,"column":6},"end":{"line":29,"column":27}},"11":{"start":{"line":31,"column":6},"end":{"line":34,"column":9}},"12":{"start":{"line":35,"column":6},"end":{"line":35,"column":13}},"13":{"start":{"line":38,"column":18},"end":{"line":42,"column":6}},"14":{"start":{"line":44,"column":19},"end":{"line":44,"column":42}},"15":{"start":{"line":45,"column":19},"end":{"line":45,"column":50}},"16":{"start":{"line":48,"column":4},"end":{"line":52,"column":7}},"17":{"start":{"line":54,"column":4},"end":{"line":54,"column":54}},"18":{"start":{"line":57,"column":20},"end":{"line":57,"column":36}},"19":{"start":{"line":58,"column":4},"end":{"line":64,"column":5}},"20":{"start":{"line":59,"column":6},"end":{"line":62,"column":9}},"21":{"start":{"line":63,"column":6},"end":{"line":63,"column":13}},"22":{"start":{"line":66,"column":4},"end":{"line":66,"column":70}},"23":{"start":{"line":9,"column":13},"end":{"line":9,"column":26}},"24":{"start":{"line":70,"column":30},"end":{"line":105,"column":2}},"25":{"start":{"line":73,"column":19},"end":{"line":105,"column":2}},"26":{"start":{"line":74,"column":2},"end":{"line":104,"column":3}},"27":{"start":{"line":75,"column":21},"end":{"line":75,"column":40}},"28":{"start":{"line":77,"column":4},"end":{"line":83,"column":5}},"29":{"start":{"line":78,"column":6},"end":{"line":81,"column":9}},"30":{"start":{"line":82,"column":6},"end":{"line":82,"column":13}},"31":{"start":{"line":84,"column":18},"end":{"line":87,"column":8}},"32":{"start":{"line":88,"column":19},"end":{"line":88,"column":29}},"33":{"start":{"line":89,"column":19},"end":{"line":89,"column":50}},"34":{"start":{"line":91,"column":4},"end":{"line":97,"column":5}},"35":{"start":{"line":92,"column":6},"end":{"line":95,"column":9}},"36":{"start":{"line":96,"column":6},"end":{"line":96,"column":13}},"37":{"start":{"line":100,"column":4},"end":{"line":100,"column":46}},"38":{"start":{"line":102,"column":4},"end":{"line":102,"column":50}},"39":{"start":{"line":103,"column":4},"end":{"line":103,"column":70}},"40":{"start":{"line":70,"column":13},"end":{"line":70,"column":30}},"41":{"start":{"line":107,"column":27},"end":{"line":119,"column":1}},"42":{"start":{"line":109,"column":4},"end":{"line":109,"column":68}},"43":{"start":{"line":110,"column":17},"end":{"line":110,"column":18}},"44":{"start":{"line":111,"column":17},"end":{"line":111,"column":19}},"45":{"start":{"line":113,"column":2},"end":{"line":116,"column":3}},"46":{"start":{"line":113,"column":15},"end":{"line":113,"column":16}},"47":{"start":{"line":114,"column":24},"end":{"line":114,"column":66}},"48":{"start":{"line":115,"column":4},"end":{"line":115,"column":37}},"49":{"start":{"line":118,"column":2},"end":{"line":118,"column":18}},"50":{"start":{"line":107,"column":13},"end":{"line":107,"column":27}}},"fnMap":{"0":{"name":"(anonymous_8)","decl":{"start":{"line":9,"column":26},"end":{"line":9,"column":null}},"loc":{"start":{"line":12,"column":19},"end":{"line":68,"column":2}}},"1":{"name":"(anonymous_9)","decl":{"start":{"line":12,"column":19},"end":{"line":12,"column":null}},"loc":{"start":{"line":12,"column":19},"end":{"line":68,"column":1}}},"2":{"name":"(anonymous_10)","decl":{"start":{"line":70,"column":30},"end":{"line":70,"column":null}},"loc":{"start":{"line":73,"column":19},"end":{"line":105,"column":2}}},"3":{"name":"(anonymous_11)","decl":{"start":{"line":73,"column":19},"end":{"line":73,"column":null}},"loc":{"start":{"line":73,"column":19},"end":{"line":105,"column":1}}},"4":{"name":"(anonymous_12)","decl":{"start":{"line":107,"column":27},"end":{"line":107,"column":38}},"loc":{"start":{"line":107,"column":40},"end":{"line":119,"column":1}}}},"branchMap":{"0":{"loc":{"start":{"line":19,"column":4},"end":{"line":25,"column":5}},"type":"if","locations":[{"start":{"line":19,"column":4},"end":{"line":25,"column":5}}]},"1":{"loc":{"start":{"line":19,"column":8},"end":{"line":19,"column":33}},"type":"binary-expr","locations":[{"start":{"line":19,"column":8},"end":{"line":19,"column":20}},{"start":{"line":19,"column":24},"end":{"line":19,"column":33}}]},"2":{"loc":{"start":{"line":58,"column":4},"end":{"line":64,"column":5}},"type":"if","locations":[{"start":{"line":58,"column":4},"end":{"line":64,"column":5}}]},"3":{"loc":{"start":{"line":77,"column":4},"end":{"line":83,"column":5}},"type":"if","locations":[{"start":{"line":77,"column":4},"end":{"line":83,"column":5}}]},"4":{"loc":{"start":{"line":91,"column":4},"end":{"line":97,"column":5}},"type":"if","locations":[{"start":{"line":91,"column":4},"end":{"line":97,"column":5}}]}},"s":{"0":1,"1":1,"2":5,"3":5,"4":5,"5":5,"6":5,"7":1,"8":1,"9":4,"10":4,"11":1,"12":1,"13":3,"14":3,"15":3,"16":1,"17":2,"18":2,"19":2,"20":1,"21":1,"22":1,"23":1,"24":1,"25":3,"26":3,"27":3,"28":3,"29":0,"30":0,"31":3,"32":3,"33":3,"34":2,"35":1,"36":1,"37":1,"38":1,"39":1,"40":1,"41":1,"42":5,"43":5,"44":5,"45":5,"46":5,"47":35,"48":35,"49":5,"50":1},"f":{"0":5,"1":5,"2":3,"3":3,"4":5},"b":{"0":[1],"1":[5,4],"2":[1],"3":[0],"4":[1]}}
,"/home/lucian/Software_dev/Projects/URL-Shortener/backend/routes/url.routes.ts": {"path":"/home/lucian/Software_dev/Projects/URL-Shortener/backend/routes/url.routes.ts","statementMap":{"0":{"start":{"line":1,"column":0},"end":{"line":1,"column":30}},"1":{"start":{"line":2,"column":0},"end":{"line":2,"column":75}},"2":{"start":{"line":4,"column":18},"end":{"line":4,"column":34}},"3":{"start":{"line":7,"column":0},"end":{"line":7,"column":39}},"4":{"start":{"line":8,"column":0},"end":{"line":8,"column":44}},"5":{"start":{"line":10,"column":0},"end":{"line":10,"column":25}}},"fnMap":{},"branchMap":{},"s":{"0":1,"1":1,"2":1,"3":1,"4":1,"5":1},"f":{},"b":{}}
}
