TN:
SF:backend/app.ts
FNF:0
FNH:0
DA:1,1
DA:2,1
DA:4,1
DA:5,1
DA:7,1
DA:9,1
LF:6
LH:6
BRF:0
BRH:0
end_of_record
TN:
SF:backend/controllers/url.controller.ts
FN:9,(anonymous_8)
FN:12,(anonymous_9)
FN:70,(anonymous_10)
FN:73,(anonymous_11)
FN:107,(anonymous_12)
FNF:5
FNH:5
FNDA:5,(anonymous_8)
FNDA:5,(anonymous_9)
FNDA:3,(anonymous_10)
FNDA:3,(anonymous_11)
FNDA:5,(anonymous_12)
DA:1,1
DA:9,1
DA:12,5
DA:13,5
DA:14,5
DA:17,5
DA:19,5
DA:20,1
DA:24,1
DA:28,4
DA:29,4
DA:31,1
DA:35,1
DA:38,3
DA:44,3
DA:45,3
DA:48,1
DA:54,2
DA:57,2
DA:58,2
DA:59,1
DA:63,1
DA:66,1
DA:70,1
DA:73,3
DA:74,3
DA:75,3
DA:77,3
DA:78,0
DA:82,0
DA:84,3
DA:88,3
DA:89,3
DA:91,2
DA:92,1
DA:96,1
DA:100,1
DA:102,1
DA:103,1
DA:107,1
DA:109,5
DA:110,5
DA:111,5
DA:113,5
DA:114,35
DA:115,35
DA:118,5
LF:47
LH:45
BRDA:19,0,0,1
BRDA:19,1,0,5
BRDA:19,1,1,4
BRDA:58,2,0,1
BRDA:77,3,0,0
BRDA:91,4,0,1
BRF:6
BRH:5
end_of_record
TN:
SF:backend/routes/url.routes.ts
FNF:0
FNH:0
DA:1,1
DA:2,1
DA:4,1
DA:7,1
DA:8,1
DA:10,1
LF:6
LH:6
BRF:0
BRH:0
end_of_record
