TN:
SF:backend/app.ts
FNF:0
FNH:0
DA:1,1
DA:2,1
DA:3,1
DA:5,1
DA:6,1
DA:7,1
DA:9,1
DA:11,1
LF:8
LH:8
BRF:0
BRH:0
end_of_record
TN:
SF:backend/controllers/url.controller.ts
FN:9,(anonymous_8)
FN:12,(anonymous_9)
FN:76,(anonymous_10)
FN:79,(anonymous_11)
FN:113,(anonymous_12)
FNF:5
FNH:5
FNDA:5,(anonymous_8)
FNDA:5,(anonymous_9)
FNDA:3,(anonymous_10)
FNDA:3,(anonymous_11)
FNDA:5,(anonymous_12)
DA:1,1
DA:9,1
DA:12,5
DA:13,5
DA:14,5
DA:17,5
DA:19,5
DA:21,5
DA:22,1
DA:26,1
DA:30,4
DA:31,4
DA:33,1
DA:37,1
DA:39,3
DA:41,3
DA:47,3
DA:48,3
DA:50,1
DA:52,1
DA:60,2
DA:63,2
DA:64,2
DA:65,1
DA:69,1
DA:72,1
DA:76,1
DA:79,3
DA:80,3
DA:81,3
DA:83,3
DA:84,0
DA:88,0
DA:90,3
DA:94,3
DA:95,3
DA:97,2
DA:98,1
DA:102,1
DA:106,1
DA:108,1
DA:109,1
DA:113,1
DA:115,5
DA:116,5
DA:117,5
DA:119,5
DA:120,35
DA:121,35
DA:124,5
LF:50
LH:48
BRDA:21,0,0,1
BRDA:21,1,0,5
BRDA:21,1,1,4
BRDA:64,2,0,1
BRDA:83,3,0,0
BRDA:97,4,0,1
BRF:6
BRH:5
end_of_record
TN:
SF:backend/routes/url.routes.ts
FNF:0
FNH:0
DA:1,1
DA:2,1
DA:5,1
DA:8,1
DA:9,1
DA:11,1
LF:6
LH:6
BRF:0
BRH:0
end_of_record
